

Microchip MPLAB XC8 Assembler V2.40 build 20220703182018 
                                                                                               Tue Nov 22 17:47:42 2022

Microchip MPLAB XC8 C Compiler v2.40 (Free license) build 20220703182018 Og1 
     1                           	processor	18F24K22
     2                           	fnconf	rparam,??,?,0
     3                           	pagewidth 120
     4                           	opt	flic
     5                           	psect	cinit,global,reloc=2,class=CODE,delta=1
     6                           	psect	bssCOMRAM,global,class=COMRAM,space=1,delta=1,lowdata,noexec
     7                           	psect	cstackCOMRAM,global,class=COMRAM,space=1,delta=1,lowdata,noexec
     8                           	psect	text0,global,reloc=2,class=CODE,delta=1
     9                           	psect	text1,global,reloc=2,class=CODE,delta=1
    10                           	psect	intcode,global,reloc=2,class=CODE,delta=1
    11                           	psect	intsave_regs,global,class=BIGRAM,space=1,delta=1,noexec
    12                           	psect	rparam,global,class=COMRAM,space=1,delta=1,noexec
    13                           	psect	temp,global,ovrld,common,class=COMRAM,space=1,delta=1
    14                           	psect	idloc,global,abs,ovrld,class=IDLOC,space=5,delta=1,noexec
    15                           	psect	config,global,abs,ovrld,class=CONFIG,space=4,delta=1,noexec
    16   000000                     
    17                           ; Generated 06/04/2022 GMT
    18                           ; 
    19                           ; Copyright © 2022, Microchip Technology Inc. and its subsidiaries ("Microchip")
    20                           ; All rights reserved.
    21                           ; 
    22                           ; This software is developed by Microchip Technology Inc. and its subsidiaries ("Microch
      +                          ip").
    23                           ; 
    24                           ; Redistribution and use in source and binary forms, with or without modification, are
    25                           ; permitted provided that the following conditions are met:
    26                           ; 
    27                           ;     1. Redistributions of source code must retain the above copyright notice, this lis
      +                          t of
    28                           ;        conditions and the following disclaimer.
    29                           ; 
    30                           ;     2. Redistributions in binary form must reproduce the above copyright notice, this 
      +                          list
    31                           ;        of conditions and the following disclaimer in the documentation and/or other
    32                           ;        materials provided with the distribution. Publication is not required when
    33                           ;        this file is used in an embedded application.
    34                           ; 
    35                           ;     3. Microchip's name may not be used to endorse or promote products derived from th
      +                          is
    36                           ;        software without specific prior written permission.
    37                           ; 
    38                           ; THIS SOFTWARE IS PROVIDED BY MICROCHIP "AS IS" AND ANY EXPRESS OR IMPLIED WARRANTIES,
    39                           ; INCLUDING, BUT NOT LIMITED TO, THE IMPLIED WARRANTIES OF MERCHANTABILITY AND FITNESS F
      +                          OR
    40                           ; PURPOSE ARE DISCLAIMED.  IN NO EVENT SHALL MICROCHIP BE LIABLE FOR ANY DIRECT, INDIREC
      +                          T,
    41                           ; INCIDENTAL, SPECIAL, EXEMPLARY, OR CONSEQUENTIAL DAMAGES (INCLUDING BUT NOT LIMITED TO
    42                           ; PROCUREMENT OF SUBSTITUTE GOODS OR SERVICES; LOSS OF USE, DATA OR PROFITS; OR BUSINESS
    43                           ; INTERRUPTION) HOWSOEVER CAUSED AND ON ANY THEORY OF LIABILITY, WHETHER IN CONTRACT, ST
      +                          RICT
    44                           ; LIABILITY, OR TORT (INCLUDING NEGLIGENCE OR OTHERWISE) ARISING IN ANY WAY OUT OF THE U
      +                          SE OF
    45                           ; THIS SOFTWARE, EVEN IF ADVISED OF THE POSSIBILITY OF SUCH DAMAGE.
    46                           ; 
    47                           ; 
    48                           ; Code-generator required, PIC18F24K22 Definitions
    49                           ; 
    50                           ; SFR Addresses
    51   000000                     _TMR1L	set	4046
    52   000000                     _TMR1H	set	4047
    53   000000                     _TMR0L	set	4054
    54   000000                     _TMR0H	set	4055
    55   000000                     _INTEDG2	set	32652
    56   000000                     _LATBbits	set	3978
    57   000000                     _CCP1IE	set	31978
    58   000000                     _CCP1IF	set	31986
    59   000000                     _TMR0IF	set	32658
    60   000000                     _TMR0IE	set	32661
    61   000000                     _RBIF	set	32656
    62   000000                     _RBIE	set	32659
    63   000000                     _INT2IF	set	32641
    64   000000                     _CCPTMRS0bits	set	3913
    65   000000                     _LATB	set	3978
    66   000000                     _OSCTUNEbits	set	3995
    67   000000                     _PIE1bits	set	3997
    68   000000                     _PIR1bits	set	3998
    69   000000                     _CCP1CONbits	set	4029
    70   000000                     _T1GCONbits	set	4044
    71   000000                     _T1CONbits	set	4045
    72   000000                     _OSCCONbits	set	4051
    73   000000                     _T0CONbits	set	4053
    74   000000                     _TRISB	set	3987
    75   000000                     _INTCONbits	set	4082
    76   000000                     _INT2IE	set	32644
    77   000000                     _CCPR1	set	4030
    78   000000                     _IOCB4	set	31508
    79   000000                     _PORTBbits	set	3969
    80                           
    81                           ; #config settings
    82                           
    83                           	psect	cinit
    84   00012C                     __pcinit:
    85                           	callstack 0
    86   00012C                     start_initialization:
    87                           	callstack 0
    88   00012C                     __initialization:
    89                           	callstack 0
    90                           
    91                           ; Clear objects allocated to COMRAM (3 bytes)
    92   00012C  6A03               	clrf	(__pbssCOMRAM+2)& (0+255),c
    93   00012E  6A02               	clrf	(__pbssCOMRAM+1)& (0+255),c
    94   000130  6A01               	clrf	__pbssCOMRAM& (0+255),c
    95   000132                     end_of_initialization:
    96                           	callstack 0
    97   000132                     __end_of__initialization:
    98                           	callstack 0
    99   000132  9004               	bcf	int$flags,0,c	;clear compiler interrupt flag (level 1)
   100   000134  9204               	bcf	int$flags,1,c	;clear compiler interrupt flag (level 2)
   101   000136  0100               	movlb	0
   102   000138  EF9E  F000         	goto	_main	;jump to C main() function
   103                           
   104                           	psect	bssCOMRAM
   105   000001                     __pbssCOMRAM:
   106                           	callstack 0
   107   000001                     _x:
   108                           	callstack 0
   109   000001                     	ds	1
   110   000002                     _LED4_flag:
   111                           	callstack 0
   112   000002                     	ds	1
   113   000003                     _LED2_flag:
   114                           	callstack 0
   115   000003                     	ds	1
   116                           
   117                           	psect	cstackCOMRAM
   118   000000                     __pcstackCOMRAM:
   119                           	callstack 0
   120   000000                     
   121                           ; 1 bytes @ 0x0
   122 ;;
   123 ;;Main: autosize = 0, tempsize = 0, incstack = 0, save=0
   124 ;;
   125 ;; *************** function _main *****************
   126 ;; Defined at:
   127 ;;		line 23 in file "L04_main_interrupts.c"
   128 ;; Parameters:    Size  Location     Type
   129 ;;		None
   130 ;; Auto vars:     Size  Location     Type
   131 ;;		None
   132 ;; Return value:  Size  Location     Type
   133 ;;                  1    wreg      void 
   134 ;; Registers used:
   135 ;;		wreg, status,2, cstack
   136 ;; Tracked objects:
   137 ;;		On entry : 0/0
   138 ;;		On exit  : 0/0
   139 ;;		Unchanged: 0/0
   140 ;; Data sizes:     COMRAM   BANK0   BANK1   BANK2
   141 ;;      Params:         0       0       0       0
   142 ;;      Locals:         0       0       0       0
   143 ;;      Temps:          0       0       0       0
   144 ;;      Totals:         0       0       0       0
   145 ;;Total ram usage:        0 bytes
   146 ;; Hardware stack levels required when called: 2
   147 ;; This function calls:
   148 ;;		___init
   149 ;; This function is called by:
   150 ;;		Startup code after reset
   151 ;; This function uses a non-reentrant model
   152 ;;
   153                           
   154                           	psect	text0
   155   00013C                     __ptext0:
   156                           	callstack 0
   157   00013C                     _main:
   158                           	callstack 29
   159   00013C                     
   160                           ;L04_main_interrupts.c: 25:     LATB = 255;
   161   00013C  EC60  F000         	call	___init	;wreg free
   162   000140                     l71:
   163   000140  EFA0  F000         	goto	l71
   164   000144  EF5E  F000         	goto	start
   165   000148                     __end_of_main:
   166                           	callstack 0
   167                           
   168 ;; *************** function ___init *****************
   169 ;; Defined at:
   170 ;;		line 34 in file "L04_main_interrupts.c"
   171 ;; Parameters:    Size  Location     Type
   172 ;;		None
   173 ;; Auto vars:     Size  Location     Type
   174 ;;		None
   175 ;; Return value:  Size  Location     Type
   176 ;;                  1    wreg      void 
   177 ;; Registers used:
   178 ;;		wreg, status,2
   179 ;; Tracked objects:
   180 ;;		On entry : 0/0
   181 ;;		On exit  : 0/0
   182 ;;		Unchanged: 0/0
   183 ;; Data sizes:     COMRAM   BANK0   BANK1   BANK2
   184 ;;      Params:         0       0       0       0
   185 ;;      Locals:         0       0       0       0
   186 ;;      Temps:          0       0       0       0
   187 ;;      Totals:         0       0       0       0
   188 ;;Total ram usage:        0 bytes
   189 ;; Hardware stack levels used: 1
   190 ;; Hardware stack levels required when called: 1
   191 ;; This function calls:
   192 ;;		Nothing
   193 ;; This function is called by:
   194 ;;		_main
   195 ;; This function uses a non-reentrant model
   196 ;;
   197                           
   198                           	psect	text1
   199   0000C0                     __ptext1:
   200                           	callstack 0
   201   0000C0                     ___init:
   202                           	callstack 29
   203   0000C0                     
   204                           ;L04_main_interrupts.c: 37: 
   205   0000C0  8E9B               	bsf	155,7,c	;volatile
   206   0000C2                     
   207                           ;L04_main_interrupts.c: 38: 
   208   0000C2  0E8F               	movlw	-113
   209   0000C4  16D3               	andwf	211,f,c	;volatile
   210   0000C6                     
   211                           ;L04_main_interrupts.c: 41:     TMR1H = 0;
   212   0000C6  688A               	setf	138,c	;volatile
   213                           
   214                           ;L04_main_interrupts.c: 43:     T1CONbits.TMR1ON = 1;
   215   0000C8  0E14               	movlw	20
   216   0000CA  6E93               	movwf	147,c	;volatile
   217   0000CC                     
   218                           ;L04_main_interrupts.c: 46: 
   219   0000CC  9AD5               	bcf	213,5,c	;volatile
   220   0000CE                     
   221                           ;L04_main_interrupts.c: 47:     CCP1CONbits.CCP1M = 0b1011;
   222   0000CE  96D5               	bcf	213,3,c	;volatile
   223                           
   224                           ;L04_main_interrupts.c: 48:     CCPTMRS0bits.C1TSEL = 0;
   225   0000D0  50D5               	movf	213,w,c	;volatile
   226   0000D2  0BF8               	andlw	-8
   227   0000D4  0901               	iorlw	1
   228   0000D6  6ED5               	movwf	213,c	;volatile
   229   0000D8                     
   230                           ;L04_main_interrupts.c: 49:     CCPR1 = 4096;
   231   0000D8  8CD5               	bsf	213,6,c	;volatile
   232                           
   233                           ;L04_main_interrupts.c: 50: 
   234   0000DA  0E00               	movlw	0
   235   0000DC  6ED7               	movwf	215,c	;volatile
   236                           
   237                           ;L04_main_interrupts.c: 51: 
   238   0000DE  0E00               	movlw	0
   239   0000E0  6ED6               	movwf	214,c	;volatile
   240   0000E2                     
   241                           ;L04_main_interrupts.c: 52:     INTCONbits.TMR0IF = 0;
   242   0000E2  8ED5               	bsf	213,7,c	;volatile
   243                           
   244                           ;L04_main_interrupts.c: 55: 
   245   0000E4  0E3F               	movlw	-193
   246   0000E6  16CD               	andwf	205,f,c	;volatile
   247                           
   248                           ;L04_main_interrupts.c: 56:     INTCONbits.TMR0IE = 1;
   249   0000E8  0ECF               	movlw	-49
   250   0000EA  16CD               	andwf	205,f,c	;volatile
   251                           
   252                           ;L04_main_interrupts.c: 57:     PIE1bits.TMR1IE = 1;
   253   0000EC  0E00               	movlw	0
   254   0000EE  6ECF               	movwf	207,c	;volatile
   255                           
   256                           ;L04_main_interrupts.c: 58:     PIE1bits.CCP1IE = 1;
   257   0000F0  0E00               	movlw	0
   258   0000F2  6ECE               	movwf	206,c	;volatile
   259   0000F4                     
   260                           ;L04_main_interrupts.c: 59:     INTCONbits.PEIE = 1;
   261   0000F4  80CD               	bsf	205,0,c	;volatile
   262   0000F6                     
   263                           ;L04_main_interrupts.c: 60:     INTCONbits.GIE = 1;
   264   0000F6  9ECC               	bcf	204,7,c	;volatile
   265                           
   266                           ;L04_main_interrupts.c: 63:     INT2IE = 1;
   267   0000F8  50BD               	movf	189,w,c	;volatile
   268   0000FA  0BF0               	andlw	-16
   269   0000FC  090B               	iorlw	11
   270   0000FE  6EBD               	movwf	189,c	;volatile
   271                           
   272                           ;L04_main_interrupts.c: 64:     INT2IF = 0;
   273   000100  0EFC               	movlw	-4
   274   000102  010F               	movlb	15	; () banked
   275   000104  1749               	andwf	73,f,b	;volatile
   276                           
   277                           ;L04_main_interrupts.c: 65:     INTEDG2 = 1;
   278   000106  0E10               	movlw	16
   279   000108  6EBF               	movwf	191,c	;volatile
   280   00010A  0E00               	movlw	0
   281   00010C  6EBE               	movwf	190,c	;volatile
   282   00010E                     
   283                           ; BSR set to: 15
   284                           ;L04_main_interrupts.c: 68:     RBIF = 0;
   285   00010E  94F2               	bcf	242,2,c	;volatile
   286   000110                     
   287                           ; BSR set to: 15
   288                           ;L04_main_interrupts.c: 69:     IOCB4 = 1;
   289   000110  909E               	bcf	158,0,c	;volatile
   290   000112                     
   291                           ; BSR set to: 15
   292                           ;L04_main_interrupts.c: 70: }
   293   000112  949E               	bcf	158,2,c	;volatile
   294   000114                     
   295                           ; BSR set to: 15
   296                           ;L04_main_interrupts.c: 72: void __attribute__((picinterrupt(("high_priority")))) high_i
      +                          sr(void) {
   297   000114  8AF2               	bsf	242,5,c	;volatile
   298   000116                     
   299                           ; BSR set to: 15
   300                           ;L04_main_interrupts.c: 73: 
   301   000116  809D               	bsf	157,0,c	;volatile
   302   000118                     
   303                           ; BSR set to: 15
   304                           ;L04_main_interrupts.c: 74: 
   305   000118  849D               	bsf	157,2,c	;volatile
   306   00011A                     
   307                           ; BSR set to: 15
   308                           ;L04_main_interrupts.c: 75: 
   309   00011A  8CF2               	bsf	242,6,c	;volatile
   310   00011C                     
   311                           ; BSR set to: 15
   312                           ;L04_main_interrupts.c: 76: 
   313   00011C  8EF2               	bsf	242,7,c	;volatile
   314   00011E                     
   315                           ; BSR set to: 15
   316                           ;L04_main_interrupts.c: 79: 
   317   00011E  88F0               	bsf	4080,4,c	;volatile
   318   000120                     
   319                           ; BSR set to: 15
   320                           ;L04_main_interrupts.c: 80:     if (INT2IE && INT2IF) {
   321   000120  92F0               	bcf	4080,1,c	;volatile
   322   000122                     
   323                           ; BSR set to: 15
   324                           ;L04_main_interrupts.c: 81: 
   325   000122  88F1               	bsf	4081,4,c	;volatile
   326   000124                     
   327                           ; BSR set to: 15
   328                           ;L04_main_interrupts.c: 83: 
   329   000124  86F2               	bsf	4082,3,c	;volatile
   330   000126                     
   331                           ; BSR set to: 15
   332                           ;L04_main_interrupts.c: 84:         LED2_flag ^= 1;
   333   000126  90F2               	bcf	4082,0,c	;volatile
   334   000128                     
   335                           ; BSR set to: 15
   336                           ;L04_main_interrupts.c: 85:     }
   337   000128  8862               	bsf	3938,4,c	;volatile
   338   00012A                     
   339                           ; BSR set to: 15
   340   00012A  0012               	return		;funcret
   341   00012C                     __end_of___init:
   342                           	callstack 0
   343                           
   344 ;; *************** function _high_isr *****************
   345 ;; Defined at:
   346 ;;		line 88 in file "L04_main_interrupts.c"
   347 ;; Parameters:    Size  Location     Type
   348 ;;		None
   349 ;; Auto vars:     Size  Location     Type
   350 ;;		None
   351 ;; Return value:  Size  Location     Type
   352 ;;                  1    wreg      void 
   353 ;; Registers used:
   354 ;;		wreg, status,2, status,0
   355 ;; Tracked objects:
   356 ;;		On entry : 0/0
   357 ;;		On exit  : 0/0
   358 ;;		Unchanged: 0/0
   359 ;; Data sizes:     COMRAM   BANK0   BANK1   BANK2
   360 ;;      Params:         0       0       0       0
   361 ;;      Locals:         0       0       0       0
   362 ;;      Temps:          0       0       0       0
   363 ;;      Totals:         0       0       0       0
   364 ;;Total ram usage:        0 bytes
   365 ;; Hardware stack levels used: 1
   366 ;; This function calls:
   367 ;;		Nothing
   368 ;; This function is called by:
   369 ;;		Interrupt level 2
   370 ;; This function uses a non-reentrant model
   371 ;;
   372                           
   373                           	psect	intcode
   374   000008                     __pintcode:
   375                           	callstack 0
   376   000008                     _high_isr:
   377                           	callstack 29
   378                           
   379                           ; BSR set to: 15
   380                           ;incstack = 0
   381   000008  8204               	bsf	int$flags,1,c	;set compiler interrupt flag (level 2)
   382   00000A                     
   383                           ;L04_main_interrupts.c: 96:     }
   384   00000A  A8F0               	btfss	4080,4,c	;volatile
   385   00000C  EF0A  F000         	goto	i2u1_41
   386   000010  EF0C  F000         	goto	i2u1_40
   387   000014                     i2u1_41:
   388   000014  EF16  F000         	goto	i2l821
   389   000018                     i2u1_40:
   390   000018  A2F0               	btfss	4080,1,c	;volatile
   391   00001A  EF11  F000         	goto	i2u2_41
   392   00001E  EF13  F000         	goto	i2u2_40
   393   000022                     i2u2_41:
   394   000022  EF16  F000         	goto	i2l821
   395   000026                     i2u2_40:
   396   000026                     
   397                           ;L04_main_interrupts.c: 98:     if (RBIF) {
   398   000026  92F0               	bcf	4080,1,c	;volatile
   399   000028                     
   400                           ;L04_main_interrupts.c: 100:         x = PORTBbits.RB4;
   401   000028  0E01               	movlw	1
   402   00002A  1A03               	xorwf	_LED2_flag^0,f,c
   403   00002C                     i2l821:
   404                           
   405                           ;L04_main_interrupts.c: 103: 
   406   00002C  AAF2               	btfss	4082,5,c	;volatile
   407   00002E  EF1B  F000         	goto	i2u3_41
   408   000032  EF1D  F000         	goto	i2u3_40
   409   000036                     i2u3_41:
   410   000036  EF2E  F000         	goto	i2l831
   411   00003A                     i2u3_40:
   412   00003A  A4F2               	btfss	4082,2,c	;volatile
   413   00003C  EF22  F000         	goto	i2u4_41
   414   000040  EF24  F000         	goto	i2u4_40
   415   000044                     i2u4_41:
   416   000044  EF2E  F000         	goto	i2l831
   417   000048                     i2u4_40:
   418   000048                     
   419                           ;L04_main_interrupts.c: 105:         }
   420   000048  94F2               	bcf	242,2,c	;volatile
   421   00004A                     
   422                           ;L04_main_interrupts.c: 108:     if (CCP1IF && CCP1IE) {
   423   00004A  5003               	movf	_LED2_flag^0,w,c
   424   00004C  B4D8               	btfsc	status,2,c
   425   00004E  EF2B  F000         	goto	i2u5_41
   426   000052  EF2D  F000         	goto	i2u5_40
   427   000056                     i2u5_41:
   428   000056  EF2E  F000         	goto	i2l831
   429   00005A                     i2u5_40:
   430   00005A                     
   431                           ;L04_main_interrupts.c: 109: 
   432   00005A  768A               	btg	138,3,c	;volatile
   433   00005C                     i2l831:
   434                           
   435                           ;L04_main_interrupts.c: 114:         }
   436   00005C  A0F2               	btfss	4082,0,c	;volatile
   437   00005E  EF33  F000         	goto	i2u6_41
   438   000062  EF35  F000         	goto	i2u6_40
   439   000066                     i2u6_41:
   440   000066  EF44  F000         	goto	i2l841
   441   00006A                     i2u6_40:
   442   00006A                     
   443                           ;L04_main_interrupts.c: 116: 
   444   00006A  0E00               	movlw	0
   445   00006C  B881               	btfsc	129,4,c	;volatile
   446   00006E  0E01               	movlw	1
   447   000070  6E01               	movwf	_x^0,c
   448   000072  5001               	movf	_x^0,w,c
   449   000074  B4D8               	btfsc	status,2,c
   450   000076  EF3F  F000         	goto	i2u7_41
   451   00007A  EF41  F000         	goto	i2u7_40
   452   00007E                     i2u7_41:
   453   00007E  EF43  F000         	goto	i2l839
   454   000082                     i2u7_40:
   455   000082  0E01               	movlw	1
   456   000084  1A02               	xorwf	_LED4_flag^0,f,c
   457   000086                     i2l839:
   458   000086  90F2               	bcf	4082,0,c	;volatile
   459   000088                     i2l841:
   460   000088  A49E               	btfss	3998,2,c	;volatile
   461   00008A  EF49  F000         	goto	i2u8_41
   462   00008E  EF4B  F000         	goto	i2u8_40
   463   000092                     i2u8_41:
   464   000092  EF5C  F000         	goto	i2l89
   465   000096                     i2u8_40:
   466   000096  A49D               	btfss	3997,2,c	;volatile
   467   000098  EF50  F000         	goto	i2u9_41
   468   00009C  EF52  F000         	goto	i2u9_40
   469   0000A0                     i2u9_41:
   470   0000A0  EF5C  F000         	goto	i2l89
   471   0000A4                     i2u9_40:
   472   0000A4  949E               	bcf	158,2,c	;volatile
   473   0000A6  5002               	movf	_LED4_flag^0,w,c
   474   0000A8  B4D8               	btfsc	status,2,c
   475   0000AA  EF59  F000         	goto	i2u10_41
   476   0000AE  EF5B  F000         	goto	i2u10_40
   477   0000B2                     i2u10_41:
   478   0000B2  EF5C  F000         	goto	i2l89
   479   0000B6                     i2u10_40:
   480   0000B6  7A8A               	btg	138,5,c	;volatile
   481   0000B8                     i2l89:
   482   0000B8  9204               	bcf	int$flags,1,c	;clear compiler interrupt flag (level 2)
   483   0000BA  0011               	retfie		f
   484   0000BC                     __end_of_high_isr:
   485                           	callstack 0
   486   000000                     
   487                           	psect	rparam
   488   000000                     
   489                           	psect	temp
   490   000004                     btemp:
   491                           	callstack 0
   492   000004                     	ds	1
   493   000000                     int$flags	set	btemp
   494   000000                     wtemp8	set	btemp+1
   495   000000                     ttemp5	set	btemp+1
   496   000000                     ttemp6	set	btemp+4
   497   000000                     ttemp7	set	btemp+8
   498                           
   499                           	psect	idloc
   500                           
   501                           ;Config register IDLOC0 @ 0x200000
   502                           ;	unspecified, using default values
   503   200000                     	org	2097152
   504   200000  FF                 	db	255
   505                           
   506                           ;Config register IDLOC1 @ 0x200001
   507                           ;	unspecified, using default values
   508   200001                     	org	2097153
   509   200001  FF                 	db	255
   510                           
   511                           ;Config register IDLOC2 @ 0x200002
   512                           ;	unspecified, using default values
   513   200002                     	org	2097154
   514   200002  FF                 	db	255
   515                           
   516                           ;Config register IDLOC3 @ 0x200003
   517                           ;	unspecified, using default values
   518   200003                     	org	2097155
   519   200003  FF                 	db	255
   520                           
   521                           ;Config register IDLOC4 @ 0x200004
   522                           ;	unspecified, using default values
   523   200004                     	org	2097156
   524   200004  FF                 	db	255
   525                           
   526                           ;Config register IDLOC5 @ 0x200005
   527                           ;	unspecified, using default values
   528   200005                     	org	2097157
   529   200005  FF                 	db	255
   530                           
   531                           ;Config register IDLOC6 @ 0x200006
   532                           ;	unspecified, using default values
   533   200006                     	org	2097158
   534   200006  FF                 	db	255
   535                           
   536                           ;Config register IDLOC7 @ 0x200007
   537                           ;	unspecified, using default values
   538   200007                     	org	2097159
   539   200007  FF                 	db	255
   540                           
   541                           	psect	config
   542                           
   543                           ; Padding undefined space
   544   300000                     	org	3145728
   545   300000  FF                 	db	255
   546                           
   547                           ;Config register CONFIG1H @ 0x300001
   548                           ;	Oscillator Selection bits
   549                           ;	FOSC = INTIO67, Internal oscillator block
   550                           ;	4X PLL Enable
   551                           ;	PLLCFG = 0x0, unprogrammed default
   552                           ;	Primary clock enable bit
   553                           ;	PRICLKEN = 0x1, unprogrammed default
   554                           ;	Fail-Safe Clock Monitor Enable bit
   555                           ;	FCMEN = 0x0, unprogrammed default
   556                           ;	Internal/External Oscillator Switchover bit
   557                           ;	IESO = 0x0, unprogrammed default
   558   300001                     	org	3145729
   559   300001  28                 	db	40
   560                           
   561                           ;Config register CONFIG2L @ 0x300002
   562                           ;	unspecified, using default values
   563                           ;	Power-up Timer Enable bit
   564                           ;	PWRTEN = 0x1, unprogrammed default
   565                           ;	Brown-out Reset Enable bits
   566                           ;	BOREN = 0x3, unprogrammed default
   567                           ;	Brown Out Reset Voltage bits
   568                           ;	BORV = 0x3, unprogrammed default
   569   300002                     	org	3145730
   570   300002  1F                 	db	31
   571                           
   572                           ;Config register CONFIG2H @ 0x300003
   573                           ;	Watchdog Timer Enable bits
   574                           ;	WDTEN = OFF, Watch dog timer is always disabled. SWDTEN has no effect.
   575                           ;	Watchdog Timer Postscale Select bits
   576                           ;	WDTPS = 0xF, unprogrammed default
   577   300003                     	org	3145731
   578   300003  3C                 	db	60
   579                           
   580                           ; Padding undefined space
   581   300004                     	org	3145732
   582   300004  FF                 	db	255
   583                           
   584                           ;Config register CONFIG3H @ 0x300005
   585                           ;	CCP2 MUX bit
   586                           ;	CCP2MX = 0x1, unprogrammed default
   587                           ;	PORTB A/D Enable bit
   588                           ;	PBADEN = OFF, PORTB<5:0> pins are configured as digital I/O on Reset
   589                           ;	P3A/CCP3 Mux bit
   590                           ;	CCP3MX = 0x1, unprogrammed default
   591                           ;	HFINTOSC Fast Start-up
   592                           ;	HFOFST = 0x1, unprogrammed default
   593                           ;	Timer3 Clock input mux bit
   594                           ;	T3CMX = 0x1, unprogrammed default
   595                           ;	ECCP2 B output mux bit
   596                           ;	P2BMX = 0x1, unprogrammed default
   597                           ;	MCLR Pin Enable bit
   598                           ;	MCLRE = 0x1, unprogrammed default
   599   300005                     	org	3145733
   600   300005  BD                 	db	189
   601                           
   602                           ;Config register CONFIG4L @ 0x300006
   603                           ;	Stack Full/Underflow Reset Enable bit
   604                           ;	STVREN = 0x1, unprogrammed default
   605                           ;	Single-Supply ICSP Enable bit
   606                           ;	LVP = OFF, Single-Supply ICSP disabled
   607                           ;	Extended Instruction Set Enable bit
   608                           ;	XINST = 0x0, unprogrammed default
   609                           ;	Background Debug
   610                           ;	DEBUG = 0x1, unprogrammed default
   611   300006                     	org	3145734
   612   300006  81                 	db	129
   613                           
   614                           ; Padding undefined space
   615   300007                     	org	3145735
   616   300007  FF                 	db	255
   617                           
   618                           ;Config register CONFIG5L @ 0x300008
   619                           ;	unspecified, using default values
   620                           ;	Code Protection Block 0
   621                           ;	CP0 = 0x1, unprogrammed default
   622                           ;	Code Protection Block 1
   623                           ;	CP1 = 0x1, unprogrammed default
   624   300008                     	org	3145736
   625   300008  03                 	db	3
   626                           
   627                           ;Config register CONFIG5H @ 0x300009
   628                           ;	unspecified, using default values
   629                           ;	Boot Block Code Protection bit
   630                           ;	CPB = 0x1, unprogrammed default
   631                           ;	Data EEPROM Code Protection bit
   632                           ;	CPD = 0x1, unprogrammed default
   633   300009                     	org	3145737
   634   300009  C0                 	db	192
   635                           
   636                           ;Config register CONFIG6L @ 0x30000A
   637                           ;	unspecified, using default values
   638                           ;	Write Protection Block 0
   639                           ;	WRT0 = 0x1, unprogrammed default
   640                           ;	Write Protection Block 1
   641                           ;	WRT1 = 0x1, unprogrammed default
   642   30000A                     	org	3145738
   643   30000A  03                 	db	3
   644                           
   645                           ;Config register CONFIG6H @ 0x30000B
   646                           ;	unspecified, using default values
   647                           ;	Configuration Register Write Protection bit
   648                           ;	WRTC = 0x1, unprogrammed default
   649                           ;	Boot Block Write Protection bit
   650                           ;	WRTB = 0x1, unprogrammed default
   651                           ;	Data EEPROM Write Protection bit
   652                           ;	WRTD = 0x1, unprogrammed default
   653   30000B                     	org	3145739
   654   30000B  E0                 	db	224
   655                           
   656                           ;Config register CONFIG7L @ 0x30000C
   657                           ;	unspecified, using default values
   658                           ;	Table Read Protection Block 0
   659                           ;	EBTR0 = 0x1, unprogrammed default
   660                           ;	Table Read Protection Block 1
   661                           ;	EBTR1 = 0x1, unprogrammed default
   662   30000C                     	org	3145740
   663   30000C  03                 	db	3
   664                           
   665                           ;Config register CONFIG7H @ 0x30000D
   666                           ;	unspecified, using default values
   667                           ;	Boot Block Table Read Protection bit
   668                           ;	EBTRB = 0x1, unprogrammed default
   669   30000D                     	org	3145741
   670   30000D  40                 	db	64
   671                           tosu	equ	0xFFF
   672                           tosh	equ	0xFFE
   673                           tosl	equ	0xFFD
   674                           stkptr	equ	0xFFC
   675                           pclatu	equ	0xFFB
   676                           pclath	equ	0xFFA
   677                           pcl	equ	0xFF9
   678                           tblptru	equ	0xFF8
   679                           tblptrh	equ	0xFF7
   680                           tblptrl	equ	0xFF6
   681                           tablat	equ	0xFF5
   682                           prodh	equ	0xFF4
   683                           prodl	equ	0xFF3
   684                           indf0	equ	0xFEF
   685                           postinc0	equ	0xFEE
   686                           postdec0	equ	0xFED
   687                           preinc0	equ	0xFEC
   688                           plusw0	equ	0xFEB
   689                           fsr0h	equ	0xFEA
   690                           fsr0l	equ	0xFE9
   691                           wreg	equ	0xFE8
   692                           indf1	equ	0xFE7
   693                           postinc1	equ	0xFE6
   694                           postdec1	equ	0xFE5
   695                           preinc1	equ	0xFE4
   696                           plusw1	equ	0xFE3
   697                           fsr1h	equ	0xFE2
   698                           fsr1l	equ	0xFE1
   699                           bsr	equ	0xFE0
   700                           indf2	equ	0xFDF
   701                           postinc2	equ	0xFDE
   702                           postdec2	equ	0xFDD
   703                           preinc2	equ	0xFDC
   704                           plusw2	equ	0xFDB
   705                           fsr2h	equ	0xFDA
   706                           fsr2l	equ	0xFD9
   707                           status	equ	0xFD8

Data Sizes:
    Strings     0
    Constant    0
    Data        0
    BSS         3
    Persistent  0
    Stack       0

Auto Spaces:
    Space          Size  Autos    Used
    COMRAM           94      0       3
    BANK0           160      0       0
    BANK1           256      0       0
    BANK2           256      0       0

Pointer List with Targets:

    None.

Critical Paths under _main in COMRAM

    None.

Critical Paths under _high_isr in COMRAM

    None.

Critical Paths under _main in BANK0

    None.

Critical Paths under _high_isr in BANK0

    None.

Critical Paths under _main in BANK1

    None.

Critical Paths under _high_isr in BANK1

    None.

Critical Paths under _main in BANK2

    None.

Critical Paths under _high_isr in BANK2

    None.

Call Graph Tables:

 ---------------------------------------------------------------------------------
 (Depth) Function   	        Calls       Base Space   Used Autos Params    Refs
 ---------------------------------------------------------------------------------
 (0) _main                                                 0     0      0       0
                             ___init
 ---------------------------------------------------------------------------------
 (1) ___init                                               0     0      0       0
 ---------------------------------------------------------------------------------
 Estimated maximum stack depth 1
 ---------------------------------------------------------------------------------
 (Depth) Function   	        Calls       Base Space   Used Autos Params    Refs
 ---------------------------------------------------------------------------------
 (2) _high_isr                                             0     0      0       0
 ---------------------------------------------------------------------------------
 Estimated maximum stack depth 2
 ---------------------------------------------------------------------------------

 Call Graph Graphs:

 _main (ROOT)
   ___init

 _high_isr (ROOT)

 Address spaces:
Name               Size   Autos  Total    Cost      Usage
BIGRAM             2FF      0       0      24        0.0%
EEDATA             100      0       0       0        0.0%
BITBANK2           100      0       0       8        0.0%
BANK2              100      0       0       9        0.0%
BITBANK1           100      0       0       6        0.0%
BANK1              100      0       0       7        0.0%
BITBANK0            A0      0       0       4        0.0%
BANK0               A0      0       0       5        0.0%
BITCOMRAM           5E      0       0       0        0.0%
COMRAM              5E      0       3       1        3.2%
BITBIGSFRllhhl      1E      0       0      20        0.0%
BITBIGSFRhlllh      1E      0       0      15        0.0%
BITBIGSFRllhl       18      0       0      21        0.0%
BITBIGSFRhhhhll     18      0       0      11        0.0%
BITBIGSFRlll        11      0       0      22        0.0%
BITBIGSFRhhhhh       D      0       0      10        0.0%
BITBIGSFRhllh        C      0       0      14        0.0%
BITBIGSFRllhhh       8      0       0      19        0.0%
BITBIGSFRlhl         8      0       0      18        0.0%
BITBIGSFRlhh         7      0       0      17        0.0%
BITBIGSFRhlhh        3      0       0      13        0.0%
BITBIGSFRhhl         1      0       0      12        0.0%
BITBIGSFRhllll       1      0       0      16        0.0%
BIGSFR               0      0       0     200        0.0%
BITSFR_1             0      0       0     200        0.0%
SFR_1                0      0       0     200        0.0%
BITSFR               0      0       0     200        0.0%
SFR                  0      0       0     200        0.0%
STACK                0      0       0       2        0.0%
NULL                 0      0       0       0        0.0%
ABS                  0      0       3      23        0.0%
DATA                 0      0       3       3        0.0%
CODE                 0      0       0       0        0.0%


Microchip Technology PIC18 Macro Assembler V2.40 build 20220703182018 
Symbol Table                                                                                   Tue Nov 22 17:47:42 2022

                      _x 0001                       l71 0140                       l72 0140  
                     l77 012A                      l801 0120                      l803 0122  
                    l811 013C                      l805 0124                      l807 0126  
                    l809 0128                      l771 00CC                      l781 00F6  
                    l773 00CE                      l765 00C0                      l791 0116  
                    l783 010E                      l775 00D8                      l767 00C2  
                    l793 0118                      l785 0110                      l777 00E2  
                    l769 00C6                      l795 011A                      l787 0112  
                    l779 00F4                      l797 011C                      l789 0114  
                    l799 011E                     _LATB 000F8A                     _RBIE 007F93  
                   _RBIF 007F90                     i2l89 00B8                     _main 013C  
                   btemp 0004                     start 00BC             ___param_bank 000000  
                  ?_main 0000                    _CCPR1 000FBE                    _IOCB4 007B14  
                  i2l821 002C                    i2l813 000A                    i2l823 003A  
                  i2l831 005C                    i2l815 0018                    i2l833 006A  
                  i2l841 0088                    i2l825 0048                    i2l817 0026  
                  i2l843 0096                    i2l835 0072                    i2l827 004A  
                  i2l819 0028                    i2l845 00A4                    i2l837 0082  
                  i2l829 005A                    i2l847 00A6                    i2l839 0086  
                  i2l849 00B6                    _TMR0H 000FD7                    _TMR1H 000FCF  
                  _TMR0L 000FD6                    _TMR1L 000FCE                    _TRISB 000F93  
                  ttemp5 0005                    ttemp6 0008                    ttemp7 000C  
                  status 000FD8                    wtemp8 0005          __initialization 012C  
           __end_of_main 0148                   ??_main 0000            __activetblptr 000000  
                 _CCP1IE 007CEA                   _CCP1IF 007CF2                   _INT2IE 007F84  
                 _INT2IF 007F81                   _TMR0IE 007F95                   _TMR0IF 007F92  
                 i2u1_40 0018                   i2u1_41 0014                   i2u2_40 0026  
                 i2u2_41 0022                   i2u3_40 003A                   i2u3_41 0036  
                 i2u4_40 0048                   i2u4_41 0044                   i2u5_40 005A  
                 i2u5_41 0056                   i2u6_40 006A                   i2u6_41 0066  
                 i2u7_40 0082                   i2u7_41 007E                   i2u8_40 0096  
                 i2u8_41 0092                   i2u9_40 00A4                   i2u9_41 00A0  
           _CCPTMRS0bits 000F49         __end_of_high_isr 00BC                   ___init 00C0  
                 isa$std 000001               __accesstop 0060  __end_of__initialization 0132  
          ___rparam_used 000001           __pcstackCOMRAM 0000                  ?___init 0000  
                _INTEDG2 007F8C                  i2u10_40 00B6                  i2u10_41 00B2  
              ?_high_isr 0000                  __Hparam 0000                  __Lparam 0000  
                __pcinit 012C                  __ramtop 0300                  __ptext0 013C  
                __ptext1 00C0                _T0CONbits 000FD5                _LED2_flag 0003  
              _LED4_flag 0002                _T1CONbits 000FCD               ??_high_isr 0000  
   end_of_initialization 0132                _PORTBbits 000F81              _CCP1CONbits 000FBD  
         __end_of___init 012C      start_initialization 012C                 ??___init 0000  
            __pbssCOMRAM 0001                __pintcode 0008                 _LATBbits 000F8A  
               _PIE1bits 000F9D                 _PIR1bits 000F9E                 __Hrparam 0000  
               __Lrparam 0000               _T1GCONbits 000FCC                 _high_isr 0008  
               isa$xinst 000000                 int$flags 0004              _OSCTUNEbits 000F9B  
             _INTCONbits 000FF2                 intlevel2 0000               _OSCCONbits 000FD3  
